make --dry-run --always-make --keep-going --print-directory
make: Entering directory '/Users/prakashborkar/development/projects/rpi-3b-wifi'
# git submodule update --init hostap
cd hostap/wpa_supplicant && make -f Makefile.rpi3b
cp hostap/wpa_supplicant/libwpa_supplicant.a src/
cd src && make
 
make[1]: Entering directory '/Users/prakashborkar/development/projects/rpi-3b-wifi/src'
echo "  CC    assert.o"
arm-none-eabi-gcc --sysroot=. -isystem=./include -MD -c assert.c -o assert.o -std=c11 -O2 -g -march=armv8-a+crc -mcpu=cortex-a53 -mfpu=crypto-neon-fp-armv8 -fpic -ffreestanding -nostdlib -nostartfiles -ffreestanding -Wall -Wextra -Werror -std=c11  -mfpu=neon -nostartfiles -mno-unaligned-access -fno-tree-loop-vectorize -fno-tree-slp-vectorize -Wno-address-of-packed-member -march=armv8-a+crc -mfpu=crypto-neon-fp-armv8 -fpic -ffreestanding -D__enable_exp_  -D__is_kernel -Iinclude  -D__enable_exp_
echo "  CC    boot.o"
arm-none-eabi-gcc --sysroot=. -isystem=./include -MD -c boot.S -o boot.o -O2 -g -march=armv8-a+crc -mcpu=cortex-a53 -mfpu=crypto-neon-fp-armv8 -fpic -ffreestanding -nostdlib -nostartfiles -ffreestanding -Wall -Wextra -Werror -std=c11  -mfpu=neon -nostartfiles -mno-unaligned-access -fno-tree-loop-vectorize -fno-tree-slp-vectorize -Wno-address-of-packed-member -march=armv8-a+crc -mfpu=crypto-neon-fp-armv8 -fpic -ffreestanding -D__enable_exp_  -D__is_kernel -Iinclude  -D__enable_exp_
echo "  CC    bss-clear.o"
arm-none-eabi-gcc --sysroot=. -isystem=./include -MD -c bss-clear.c -o bss-clear.o -std=c11 -O2 -g -march=armv8-a+crc -mcpu=cortex-a53 -mfpu=crypto-neon-fp-armv8 -fpic -ffreestanding -nostdlib -nostartfiles -ffreestanding -Wall -Wextra -Werror -std=c11  -mfpu=neon -nostartfiles -mno-unaligned-access -fno-tree-loop-vectorize -fno-tree-slp-vectorize -Wno-address-of-packed-member -march=armv8-a+crc -mfpu=crypto-neon-fp-armv8 -fpic -ffreestanding -D__enable_exp_  -D__is_kernel -Iinclude  -D__enable_exp_
echo "  CC    dma.o"
arm-none-eabi-gcc --sysroot=. -isystem=./include -MD -c dma.c -o dma.o -std=c11 -O2 -g -march=armv8-a+crc -mcpu=cortex-a53 -mfpu=crypto-neon-fp-armv8 -fpic -ffreestanding -nostdlib -nostartfiles -ffreestanding -Wall -Wextra -Werror -std=c11  -mfpu=neon -nostartfiles -mno-unaligned-access -fno-tree-loop-vectorize -fno-tree-slp-vectorize -Wno-address-of-packed-member -march=armv8-a+crc -mfpu=crypto-neon-fp-armv8 -fpic -ffreestanding -D__enable_exp_  -D__is_kernel -Iinclude  -D__enable_exp_
echo "  CC    doprnt.o"
arm-none-eabi-gcc --sysroot=. -isystem=./include -MD -c doprnt.c -o doprnt.o -std=c11 -O2 -g -march=armv8-a+crc -mcpu=cortex-a53 -mfpu=crypto-neon-fp-armv8 -fpic -ffreestanding -nostdlib -nostartfiles -ffreestanding -Wall -Wextra -Werror -std=c11  -mfpu=neon -nostartfiles -mno-unaligned-access -fno-tree-loop-vectorize -fno-tree-slp-vectorize -Wno-address-of-packed-member -march=armv8-a+crc -mfpu=crypto-neon-fp-armv8 -fpic -ffreestanding -D__enable_exp_  -D__is_kernel -Iinclude  -D__enable_exp_
echo "  CC    frame_alloc.o"
arm-none-eabi-gcc --sysroot=. -isystem=./include -MD -c frame_alloc.c -o frame_alloc.o -std=c11 -O2 -g -march=armv8-a+crc -mcpu=cortex-a53 -mfpu=crypto-neon-fp-armv8 -fpic -ffreestanding -nostdlib -nostartfiles -ffreestanding -Wall -Wextra -Werror -std=c11  -mfpu=neon -nostartfiles -mno-unaligned-access -fno-tree-loop-vectorize -fno-tree-slp-vectorize -Wno-address-of-packed-member -march=armv8-a+crc -mfpu=crypto-neon-fp-armv8 -fpic -ffreestanding -D__enable_exp_  -D__is_kernel -Iinclude  -D__enable_exp_
echo "  CC    emmc.o"
arm-none-eabi-gcc --sysroot=. -isystem=./include -MD -c emmc.c -o emmc.o -std=c11 -O2 -g -march=armv8-a+crc -mcpu=cortex-a53 -mfpu=crypto-neon-fp-armv8 -fpic -ffreestanding -nostdlib -nostartfiles -ffreestanding -Wall -Wextra -Werror -std=c11  -mfpu=neon -nostartfiles -mno-unaligned-access -fno-tree-loop-vectorize -fno-tree-slp-vectorize -Wno-address-of-packed-member -march=armv8-a+crc -mfpu=crypto-neon-fp-armv8 -fpic -ffreestanding -D__enable_exp_  -D__is_kernel -Iinclude  -D__enable_exp_
echo "  CC    fat.o"
arm-none-eabi-gcc --sysroot=. -isystem=./include -MD -c fat.c -o fat.o -std=c11 -O2 -g -march=armv8-a+crc -mcpu=cortex-a53 -mfpu=crypto-neon-fp-armv8 -fpic -ffreestanding -nostdlib -nostartfiles -ffreestanding -Wall -Wextra -Werror -std=c11  -mfpu=neon -nostartfiles -mno-unaligned-access -fno-tree-loop-vectorize -fno-tree-slp-vectorize -Wno-address-of-packed-member -march=armv8-a+crc -mfpu=crypto-neon-fp-armv8 -fpic -ffreestanding -D__enable_exp_  -D__is_kernel -Iinclude  -D__enable_exp_
echo "  CC    fat16.o"
arm-none-eabi-gcc --sysroot=. -isystem=./include -MD -c fat16.c -o fat16.o -std=c11 -O2 -g -march=armv8-a+crc -mcpu=cortex-a53 -mfpu=crypto-neon-fp-armv8 -fpic -ffreestanding -nostdlib -nostartfiles -ffreestanding -Wall -Wextra -Werror -std=c11  -mfpu=neon -nostartfiles -mno-unaligned-access -fno-tree-loop-vectorize -fno-tree-slp-vectorize -Wno-address-of-packed-member -march=armv8-a+crc -mfpu=crypto-neon-fp-armv8 -fpic -ffreestanding -D__enable_exp_  -D__is_kernel -Iinclude  -D__enable_exp_
echo "  CC    fat32.o"
arm-none-eabi-gcc --sysroot=. -isystem=./include -MD -c fat32.c -o fat32.o -std=c11 -O2 -g -march=armv8-a+crc -mcpu=cortex-a53 -mfpu=crypto-neon-fp-armv8 -fpic -ffreestanding -nostdlib -nostartfiles -ffreestanding -Wall -Wextra -Werror -std=c11  -mfpu=neon -nostartfiles -mno-unaligned-access -fno-tree-loop-vectorize -fno-tree-slp-vectorize -Wno-address-of-packed-member -march=armv8-a+crc -mfpu=crypto-neon-fp-armv8 -fpic -ffreestanding -D__enable_exp_  -D__is_kernel -Iinclude  -D__enable_exp_
echo "  CC    sd_card.o"
arm-none-eabi-gcc --sysroot=. -isystem=./include -MD -c sd_card.c -o sd_card.o -std=c11 -O2 -g -march=armv8-a+crc -mcpu=cortex-a53 -mfpu=crypto-neon-fp-armv8 -fpic -ffreestanding -nostdlib -nostartfiles -ffreestanding -Wall -Wextra -Werror -std=c11  -mfpu=neon -nostartfiles -mno-unaligned-access -fno-tree-loop-vectorize -fno-tree-slp-vectorize -Wno-address-of-packed-member -march=armv8-a+crc -mfpu=crypto-neon-fp-armv8 -fpic -ffreestanding -D__enable_exp_  -D__is_kernel -Iinclude  -D__enable_exp_
echo "  CC    gpio.o"
arm-none-eabi-gcc --sysroot=. -isystem=./include -MD -c gpio.c -o gpio.o -std=c11 -O2 -g -march=armv8-a+crc -mcpu=cortex-a53 -mfpu=crypto-neon-fp-armv8 -fpic -ffreestanding -nostdlib -nostartfiles -ffreestanding -Wall -Wextra -Werror -std=c11  -mfpu=neon -nostartfiles -mno-unaligned-access -fno-tree-loop-vectorize -fno-tree-slp-vectorize -Wno-address-of-packed-member -march=armv8-a+crc -mfpu=crypto-neon-fp-armv8 -fpic -ffreestanding -D__enable_exp_  -D__is_kernel -Iinclude  -D__enable_exp_
echo "  CC    bcm_random.o"
arm-none-eabi-gcc --sysroot=. -isystem=./include -MD -c bcm_random.c -o bcm_random.o -std=c11 -O2 -g -march=armv8-a+crc -mcpu=cortex-a53 -mfpu=crypto-neon-fp-armv8 -fpic -ffreestanding -nostdlib -nostartfiles -ffreestanding -Wall -Wextra -Werror -std=c11  -mfpu=neon -nostartfiles -mno-unaligned-access -fno-tree-loop-vectorize -fno-tree-slp-vectorize -Wno-address-of-packed-member -march=armv8-a+crc -mfpu=crypto-neon-fp-armv8 -fpic -ffreestanding -D__enable_exp_  -D__is_kernel -Iinclude  -D__enable_exp_
echo "  CC    kernel_alloc.o"
arm-none-eabi-gcc --sysroot=. -isystem=./include -MD -c kernel_alloc.c -o kernel_alloc.o -std=c11 -O2 -g -march=armv8-a+crc -mcpu=cortex-a53 -mfpu=crypto-neon-fp-armv8 -fpic -ffreestanding -nostdlib -nostartfiles -ffreestanding -Wall -Wextra -Werror -std=c11  -mfpu=neon -nostartfiles -mno-unaligned-access -fno-tree-loop-vectorize -fno-tree-slp-vectorize -Wno-address-of-packed-member -march=armv8-a+crc -mfpu=crypto-neon-fp-armv8 -fpic -ffreestanding -D__enable_exp_  -D__is_kernel -Iinclude  -D__enable_exp_
echo "  CC    rpi-armtimer.o"
arm-none-eabi-gcc --sysroot=. -isystem=./include -MD -c rpi-armtimer.c -o rpi-armtimer.o -std=c11 -O2 -g -march=armv8-a+crc -mcpu=cortex-a53 -mfpu=crypto-neon-fp-armv8 -fpic -ffreestanding -nostdlib -nostartfiles -ffreestanding -Wall -Wextra -Werror -std=c11  -mfpu=neon -nostartfiles -mno-unaligned-access -fno-tree-loop-vectorize -fno-tree-slp-vectorize -Wno-address-of-packed-member -march=armv8-a+crc -mfpu=crypto-neon-fp-armv8 -fpic -ffreestanding -D__enable_exp_  -D__is_kernel -Iinclude  -D__enable_exp_
echo "  CC    rpi-interrupts.o"
 
arm-none-eabi-gcc --sysroot=. -isystem=./include -MD -c rpi-interrupts.c -o rpi-interrupts.o -std=c11 -O2 -g -march=armv8-a+crc -mcpu=cortex-a53 -mfpu=crypto-neon-fp-armv8 -fpic -ffreestanding -nostdlib -nostartfiles -ffreestanding -Wall -Wextra -Werror -std=c11  -mfpu=neon -nostartfiles -mno-unaligned-access -fno-tree-loop-vectorize -fno-tree-slp-vectorize -Wno-address-of-packed-member -march=armv8-a+crc -mfpu=crypto-neon-fp-armv8 -fpic -ffreestanding -D__enable_exp_  -D__is_kernel -Iinclude  -D__enable_exp_
echo "  CC    rpi-mailbox-interface.o"
arm-none-eabi-gcc --sysroot=. -isystem=./include -MD -c rpi-mailbox-interface.c -o rpi-mailbox-interface.o -std=c11 -O2 -g -march=armv8-a+crc -mcpu=cortex-a53 -mfpu=crypto-neon-fp-armv8 -fpic -ffreestanding -nostdlib -nostartfiles -ffreestanding -Wall -Wextra -Werror -std=c11  -mfpu=neon -nostartfiles -mno-unaligned-access -fno-tree-loop-vectorize -fno-tree-slp-vectorize -Wno-address-of-packed-member -march=armv8-a+crc -mfpu=crypto-neon-fp-armv8 -fpic -ffreestanding -D__enable_exp_  -D__is_kernel -Iinclude  -D__enable_exp_
echo "  CC    rpi-mailbox.o"
arm-none-eabi-gcc --sysroot=. -isystem=./include -MD -c rpi-mailbox.c -o rpi-mailbox.o -std=c11 -O2 -g -march=armv8-a+crc -mcpu=cortex-a53 -mfpu=crypto-neon-fp-armv8 -fpic -ffreestanding -nostdlib -nostartfiles -ffreestanding -Wall -Wextra -Werror -std=c11  -mfpu=neon -nostartfiles -mno-unaligned-access -fno-tree-loop-vectorize -fno-tree-slp-vectorize -Wno-address-of-packed-member -march=armv8-a+crc -mfpu=crypto-neon-fp-armv8 -fpic -ffreestanding -D__enable_exp_  -D__is_kernel -Iinclude  -D__enable_exp_
echo "  CC    systimer.o"
arm-none-eabi-gcc --sysroot=. -isystem=./include -MD -c systimer.c -o systimer.o -std=c11 -O2 -g -march=armv8-a+crc -mcpu=cortex-a53 -mfpu=crypto-neon-fp-armv8 -fpic -ffreestanding -nostdlib -nostartfiles -ffreestanding -Wall -Wextra -Werror -std=c11  -mfpu=neon -nostartfiles -mno-unaligned-access -fno-tree-loop-vectorize -fno-tree-slp-vectorize -Wno-address-of-packed-member -march=armv8-a+crc -mfpu=crypto-neon-fp-armv8 -fpic -ffreestanding -D__enable_exp_  -D__is_kernel -Iinclude  -D__enable_exp_
echo "  CC    sdhost.o"
arm-none-eabi-gcc --sysroot=. -isystem=./include -MD -c sdhost.c -o sdhost.o -std=c11 -O2 -g -march=armv8-a+crc -mcpu=cortex-a53 -mfpu=crypto-neon-fp-armv8 -fpic -ffreestanding -nostdlib -nostartfiles -ffreestanding -Wall -Wextra -Werror -std=c11  -mfpu=neon -nostartfiles -mno-unaligned-access -fno-tree-loop-vectorize -fno-tree-slp-vectorize -Wno-address-of-packed-member -march=armv8-a+crc -mfpu=crypto-neon-fp-armv8 -fpic -ffreestanding -D__enable_exp_  -D__is_kernel -Iinclude  -D__enable_exp_
echo "  CC    uart0.o"
arm-none-eabi-gcc --sysroot=. -isystem=./include -MD -c uart0.c -o uart0.o -std=c11 -O2 -g -march=armv8-a+crc -mcpu=cortex-a53 -mfpu=crypto-neon-fp-armv8 -fpic -ffreestanding -nostdlib -nostartfiles -ffreestanding -Wall -Wextra -Werror -std=c11  -mfpu=neon -nostartfiles -mno-unaligned-access -fno-tree-loop-vectorize -fno-tree-slp-vectorize -Wno-address-of-packed-member -march=armv8-a+crc -mfpu=crypto-neon-fp-armv8 -fpic -ffreestanding -D__enable_exp_  -D__is_kernel -Iinclude  -D__enable_exp_
echo "  CC    memcmp.o"
arm-none-eabi-gcc --sysroot=. -isystem=./include -MD -c memcmp.c -o memcmp.o -std=c11 -O2 -g -march=armv8-a+crc -mcpu=cortex-a53 -mfpu=crypto-neon-fp-armv8 -fpic -ffreestanding -nostdlib -nostartfiles -ffreestanding -Wall -Wextra -Werror -std=c11  -mfpu=neon -nostartfiles -mno-unaligned-access -fno-tree-loop-vectorize -fno-tree-slp-vectorize -Wno-address-of-packed-member -march=armv8-a+crc -mfpu=crypto-neon-fp-armv8 -fpic -ffreestanding -D__enable_exp_  -D__is_kernel -Iinclude  -D__enable_exp_
echo "  CC    memcpy.o"
arm-none-eabi-gcc --sysroot=. -isystem=./include -MD -c memcpy.c -o memcpy.o -std=c11 -O2 -g -march=armv8-a+crc -mcpu=cortex-a53 -mfpu=crypto-neon-fp-armv8 -fpic -ffreestanding -nostdlib -nostartfiles -ffreestanding -Wall -Wextra -Werror -std=c11  -mfpu=neon -nostartfiles -mno-unaligned-access -fno-tree-loop-vectorize -fno-tree-slp-vectorize -Wno-address-of-packed-member -march=armv8-a+crc -mfpu=crypto-neon-fp-armv8 -fpic -ffreestanding -D__enable_exp_  -D__is_kernel -Iinclude  -D__enable_exp_
echo "  CC    memmove.o"
arm-none-eabi-gcc --sysroot=. -isystem=./include -MD -c memmove.c -o memmove.o -std=c11 -O2 -g -march=armv8-a+crc -mcpu=cortex-a53 -mfpu=crypto-neon-fp-armv8 -fpic -ffreestanding -nostdlib -nostartfiles -ffreestanding -Wall -Wextra -Werror -std=c11  -mfpu=neon -nostartfiles -mno-unaligned-access -fno-tree-loop-vectorize -fno-tree-slp-vectorize -Wno-address-of-packed-member -march=armv8-a+crc -mfpu=crypto-neon-fp-armv8 -fpic -ffreestanding -D__enable_exp_  -D__is_kernel -Iinclude  -D__enable_exp_
echo "  CC    memset.o"
arm-none-eabi-gcc --sysroot=. -isystem=./include -MD -c memset.c -o memset.o -std=c11 -O2 -g -march=armv8-a+crc -mcpu=cortex-a53 -mfpu=crypto-neon-fp-armv8 -fpic -ffreestanding -nostdlib -nostartfiles -ffreestanding -Wall -Wextra -Werror -std=c11  -mfpu=neon -nostartfiles -mno-unaligned-access -fno-tree-loop-vectorize -fno-tree-slp-vectorize -Wno-address-of-packed-member -march=armv8-a+crc -mfpu=crypto-neon-fp-armv8 -fpic -ffreestanding -D__enable_exp_  -D__is_kernel -Iinclude  -D__enable_exp_
echo "  CC    strstr.o"
arm-none-eabi-gcc --sysroot=. -isystem=./include -MD -c strstr.c -o strstr.o -std=c11 -O2 -g -march=armv8-a+crc -mcpu=cortex-a53 -mfpu=crypto-neon-fp-armv8 -fpic -ffreestanding -nostdlib -nostartfiles -ffreestanding -Wall -Wextra -Werror -std=c11  -mfpu=neon -nostartfiles -mno-unaligned-access -fno-tree-loop-vectorize -fno-tree-slp-vectorize -Wno-address-of-packed-member -march=armv8-a+crc -mfpu=crypto-neon-fp-armv8 -fpic -ffreestanding -D__enable_exp_  -D__is_kernel -Iinclude  -D__enable_exp_
echo "  CC    util.o"
arm-none-eabi-gcc --sysroot=. -isystem=./include -MD -c util.c -o util.o -std=c11 -O2 -g -march=armv8-a+crc -mcpu=cortex-a53 -mfpu=crypto-neon-fp-armv8 -fpic -ffreestanding -nostdlib -nostartfiles -ffreestanding -Wall -Wextra -Werror -std=c11  -mfpu=neon -nostartfiles -mno-unaligned-access -fno-tree-loop-vectorize -fno-tree-slp-vectorize -Wno-address-of-packed-member -march=armv8-a+crc -mfpu=crypto-neon-fp-armv8 -fpic -ffreestanding -D__enable_exp_  -D__is_kernel -Iinclude  -D__enable_exp_
 
echo "  CC    net_queue.o"
arm-none-eabi-gcc --sysroot=. -isystem=./include -MD -c net_queue.c -o net_queue.o -std=c11 -O2 -g -march=armv8-a+crc -mcpu=cortex-a53 -mfpu=crypto-neon-fp-armv8 -fpic -ffreestanding -nostdlib -nostartfiles -ffreestanding -Wall -Wextra -Werror -std=c11  -mfpu=neon -nostartfiles -mno-unaligned-access -fno-tree-loop-vectorize -fno-tree-slp-vectorize -Wno-address-of-packed-member -march=armv8-a+crc -mfpu=crypto-neon-fp-armv8 -fpic -ffreestanding -D__enable_exp_  -D__is_kernel -Iinclude  -D__enable_exp_
echo "  CC    cstring.o"
arm-none-eabi-gcc --sysroot=. -isystem=./include -MD -c cstring.c -o cstring.o -std=c11 -O2 -g -march=armv8-a+crc -mcpu=cortex-a53 -mfpu=crypto-neon-fp-armv8 -fpic -ffreestanding -nostdlib -nostartfiles -ffreestanding -Wall -Wextra -Werror -std=c11  -mfpu=neon -nostartfiles -mno-unaligned-access -fno-tree-loop-vectorize -fno-tree-slp-vectorize -Wno-address-of-packed-member -march=armv8-a+crc -mfpu=crypto-neon-fp-armv8 -fpic -ffreestanding -D__enable_exp_  -D__is_kernel -Iinclude  -D__enable_exp_
echo "  CC    string.o"
arm-none-eabi-gcc --sysroot=. -isystem=./include -MD -c string.c -o string.o -std=c11 -O2 -g -march=armv8-a+crc -mcpu=cortex-a53 -mfpu=crypto-neon-fp-armv8 -fpic -ffreestanding -nostdlib -nostartfiles -ffreestanding -Wall -Wextra -Werror -std=c11  -mfpu=neon -nostartfiles -mno-unaligned-access -fno-tree-loop-vectorize -fno-tree-slp-vectorize -Wno-address-of-packed-member -march=armv8-a+crc -mfpu=crypto-neon-fp-armv8 -fpic -ffreestanding -D__enable_exp_  -D__is_kernel -Iinclude  -D__enable_exp_
echo "  CC    printf.o"
arm-none-eabi-gcc --sysroot=. -isystem=./include -MD -c printf.c -o printf.o -std=c11 -O2 -g -march=armv8-a+crc -mcpu=cortex-a53 -mfpu=crypto-neon-fp-armv8 -fpic -ffreestanding -nostdlib -nostartfiles -ffreestanding -Wall -Wextra -Werror -std=c11  -mfpu=neon -nostartfiles -mno-unaligned-access -fno-tree-loop-vectorize -fno-tree-slp-vectorize -Wno-address-of-packed-member -march=armv8-a+crc -mfpu=crypto-neon-fp-armv8 -fpic -ffreestanding -D__enable_exp_  -D__is_kernel -Iinclude  -D__enable_exp_
echo "  CC    vsnprintf.o"
arm-none-eabi-gcc --sysroot=. -isystem=./include -MD -c vsnprintf.c -o vsnprintf.o -std=c11 -O2 -g -march=armv8-a+crc -mcpu=cortex-a53 -mfpu=crypto-neon-fp-armv8 -fpic -ffreestanding -nostdlib -nostartfiles -ffreestanding -Wall -Wextra -Werror -std=c11  -mfpu=neon -nostartfiles -mno-unaligned-access -fno-tree-loop-vectorize -fno-tree-slp-vectorize -Wno-address-of-packed-member -march=armv8-a+crc -mfpu=crypto-neon-fp-armv8 -fpic -ffreestanding -D__enable_exp_  -D__is_kernel -Iinclude  -D__enable_exp_
echo "  CC    strlen.o"
arm-none-eabi-gcc --sysroot=. -isystem=./include -MD -c strlen.c -o strlen.o -std=c11 -O2 -g -march=armv8-a+crc -mcpu=cortex-a53 -mfpu=crypto-neon-fp-armv8 -fpic -ffreestanding -nostdlib -nostartfiles -ffreestanding -Wall -Wextra -Werror -std=c11  -mfpu=neon -nostartfiles -mno-unaligned-access -fno-tree-loop-vectorize -fno-tree-slp-vectorize -Wno-address-of-packed-member -march=armv8-a+crc -mfpu=crypto-neon-fp-armv8 -fpic -ffreestanding -D__enable_exp_  -D__is_kernel -Iinclude  -D__enable_exp_
echo "  CC    plan9_emmc.o"
arm-none-eabi-gcc --sysroot=. -isystem=./include -MD -c plan9_emmc.c -o plan9_emmc.o -std=c11 -O2 -g -march=armv8-a+crc -mcpu=cortex-a53 -mfpu=crypto-neon-fp-armv8 -fpic -ffreestanding -nostdlib -nostartfiles -ffreestanding -Wall -Wextra -Werror -std=c11  -mfpu=neon -nostartfiles -mno-unaligned-access -fno-tree-loop-vectorize -fno-tree-slp-vectorize -Wno-address-of-packed-member -march=armv8-a+crc -mfpu=crypto-neon-fp-armv8 -fpic -ffreestanding -D__enable_exp_  -D__is_kernel -Iinclude  -D__enable_exp_
echo "  CC    link_layer.o"
 
arm-none-eabi-gcc --sysroot=. -isystem=./include -MD -c link_layer.c -o link_layer.o -std=c11 -O2 -g -march=armv8-a+crc -mcpu=cortex-a53 -mfpu=crypto-neon-fp-armv8 -fpic -ffreestanding -nostdlib -nostartfiles -ffreestanding -Wall -Wextra -Werror -std=c11  -mfpu=neon -nostartfiles -mno-unaligned-access -fno-tree-loop-vectorize -fno-tree-slp-vectorize -Wno-address-of-packed-member -march=armv8-a+crc -mfpu=crypto-neon-fp-armv8 -fpic -ffreestanding -D__enable_exp_  -D__is_kernel -Iinclude  -D__enable_exp_
echo "  CC    fork.o"
arm-none-eabi-gcc --sysroot=. -isystem=./include -MD -c fork.c -o fork.o -std=c11 -O2 -g -march=armv8-a+crc -mcpu=cortex-a53 -mfpu=crypto-neon-fp-armv8 -fpic -ffreestanding -nostdlib -nostartfiles -ffreestanding -Wall -Wextra -Werror -std=c11  -mfpu=neon -nostartfiles -mno-unaligned-access -fno-tree-loop-vectorize -fno-tree-slp-vectorize -Wno-address-of-packed-member -march=armv8-a+crc -mfpu=crypto-neon-fp-armv8 -fpic -ffreestanding -D__enable_exp_  -D__is_kernel -Iinclude  -D__enable_exp_
echo "  CC    scheduler.o"
arm-none-eabi-gcc --sysroot=. -isystem=./include -MD -c scheduler.c -o scheduler.o -std=c11 -O2 -g -march=armv8-a+crc -mcpu=cortex-a53 -mfpu=crypto-neon-fp-armv8 -fpic -ffreestanding -nostdlib -nostartfiles -ffreestanding -Wall -Wextra -Werror -std=c11  -mfpu=neon -nostartfiles -mno-unaligned-access -fno-tree-loop-vectorize -fno-tree-slp-vectorize -Wno-address-of-packed-member -march=armv8-a+crc -mfpu=crypto-neon-fp-armv8 -fpic -ffreestanding -D__enable_exp_  -D__is_kernel -Iinclude  -D__enable_exp_
echo "  CC    task_switch.o"
arm-none-eabi-gcc --sysroot=. -isystem=./include -MD -c task_switch.S -o task_switch.o -O2 -g -march=armv8-a+crc -mcpu=cortex-a53 -mfpu=crypto-neon-fp-armv8 -fpic -ffreestanding -nostdlib -nostartfiles -ffreestanding -Wall -Wextra -Werror -std=c11  -mfpu=neon -nostartfiles -mno-unaligned-access -fno-tree-loop-vectorize -fno-tree-slp-vectorize -Wno-address-of-packed-member -march=armv8-a+crc -mfpu=crypto-neon-fp-armv8 -fpic -ffreestanding -D__enable_exp_  -D__is_kernel -Iinclude  -D__enable_exp_
echo "  CC    list.o"
arm-none-eabi-gcc --sysroot=. -isystem=./include -MD -c list.c -o list.o -std=c11 -O2 -g -march=armv8-a+crc -mcpu=cortex-a53 -mfpu=crypto-neon-fp-armv8 -fpic -ffreestanding -nostdlib -nostartfiles -ffreestanding -Wall -Wextra -Werror -std=c11  -mfpu=neon -nostartfiles -mno-unaligned-access -fno-tree-loop-vectorize -fno-tree-slp-vectorize -Wno-address-of-packed-member -march=armv8-a+crc -mfpu=crypto-neon-fp-armv8 -fpic -ffreestanding -D__enable_exp_  -D__is_kernel -Iinclude  -D__enable_exp_
echo "  CC    queue.o"
arm-none-eabi-gcc --sysroot=. -isystem=./include -MD -c queue.c -o queue.o -std=c11 -O2 -g -march=armv8-a+crc -mcpu=cortex-a53 -mfpu=crypto-neon-fp-armv8 -fpic -ffreestanding -nostdlib -nostartfiles -ffreestanding -Wall -Wextra -Werror -std=c11  -mfpu=neon -nostartfiles -mno-unaligned-access -fno-tree-loop-vectorize -fno-tree-slp-vectorize -Wno-address-of-packed-member -march=armv8-a+crc -mfpu=crypto-neon-fp-armv8 -fpic -ffreestanding -D__enable_exp_  -D__is_kernel -Iinclude  -D__enable_exp_
echo "  CC    lock.o"
arm-none-eabi-gcc --sysroot=. -isystem=./include -MD -c lock.c -o lock.o -std=c11 -O2 -g -march=armv8-a+crc -mcpu=cortex-a53 -mfpu=crypto-neon-fp-armv8 -fpic -ffreestanding -nostdlib -nostartfiles -ffreestanding -Wall -Wextra -Werror -std=c11  -mfpu=neon -nostartfiles -mno-unaligned-access -fno-tree-loop-vectorize -fno-tree-slp-vectorize -Wno-address-of-packed-member -march=armv8-a+crc -mfpu=crypto-neon-fp-armv8 -fpic -ffreestanding -D__enable_exp_  -D__is_kernel -Iinclude  -D__enable_exp_
echo "  CC    plan9_ether4330.o"
arm-none-eabi-gcc --sysroot=. -isystem=./include -MD -c plan9_ether4330.c -o plan9_ether4330.o -std=c11 -O2 -g -march=armv8-a+crc -mcpu=cortex-a53 -mfpu=crypto-neon-fp-armv8 -fpic -ffreestanding -nostdlib -nostartfiles -ffreestanding -Wall -Wextra -Werror -std=c11  -mfpu=neon -nostartfiles -mno-unaligned-access -fno-tree-loop-vectorize -fno-tree-slp-vectorize -Wno-address-of-packed-member -march=armv8-a+crc -mfpu=crypto-neon-fp-armv8 -fpic -ffreestanding -D__enable_exp_  -D__is_kernel -Iinclude  -D__enable_exp_
echo "  CC    etherif.o"
arm-none-eabi-gcc --sysroot=. -isystem=./include -MD -c etherif.c -o etherif.o -std=c11 -O2 -g -march=armv8-a+crc -mcpu=cortex-a53 -mfpu=crypto-neon-fp-armv8 -fpic -ffreestanding -nostdlib -nostartfiles -ffreestanding -Wall -Wextra -Werror -std=c11  -mfpu=neon -nostartfiles -mno-unaligned-access -fno-tree-loop-vectorize -fno-tree-slp-vectorize -Wno-address-of-packed-member -march=armv8-a+crc -mfpu=crypto-neon-fp-armv8 -fpic -ffreestanding -D__enable_exp_  -D__is_kernel -Iinclude  -D__enable_exp_
echo "  CC    bcm4343.o"
arm-none-eabi-gcc --sysroot=. -isystem=./include -MD -c bcm4343.c -o bcm4343.o -std=c11 -O2 -g -march=armv8-a+crc -mcpu=cortex-a53 -mfpu=crypto-neon-fp-armv8 -fpic -ffreestanding -nostdlib -nostartfiles -ffreestanding -Wall -Wextra -Werror -std=c11  -mfpu=neon -nostartfiles -mno-unaligned-access -fno-tree-loop-vectorize -fno-tree-slp-vectorize -Wno-address-of-packed-member -march=armv8-a+crc -mfpu=crypto-neon-fp-armv8 -fpic -ffreestanding -D__enable_exp_  -D__is_kernel -Iinclude  -D__enable_exp_
echo "  AR    librpi3b.a"
rm -f librpi3b.a
arm-none-eabi-ar rc librpi3b.a assert.o boot.o bss-clear.o dma.o doprnt.o frame_alloc.o emmc.o fat.o fat16.o fat32.o sd_card.o gpio.o bcm_random.o kernel_alloc.o rpi-armtimer.o rpi-interrupts.o rpi-mailbox-interface.o rpi-mailbox.o systimer.o sdhost.o uart0.o memcmp.o memcpy.o memmove.o memset.o strstr.o util.o net_queue.o cstring.o string.o printf.o vsnprintf.o strlen.o plan9_emmc.o link_layer.o fork.o scheduler.o task_switch.o list.o queue.o lock.o  plan9_ether4330.o etherif.o bcm4343.o
echo "  CC    kernel.o"
arm-none-eabi-gcc --sysroot=. -isystem=./include -MD -c kernel.c -o kernel.o -std=c11 -O2 -g -march=armv8-a+crc -mcpu=cortex-a53 -mfpu=crypto-neon-fp-armv8 -fpic -ffreestanding -nostdlib -nostartfiles -ffreestanding -Wall -Wextra -Werror -std=c11  -mfpu=neon -nostartfiles -mno-unaligned-access -fno-tree-loop-vectorize -fno-tree-slp-vectorize -Wno-address-of-packed-member -march=armv8-a+crc -mfpu=crypto-neon-fp-armv8 -fpic -ffreestanding -D__enable_exp_  -D__is_kernel -Iinclude  -D__enable_exp_
echo "  LD    kernel8-32.elf"
arm-none-eabi-gcc --sysroot=. -isystem=./include -T ../linker.ld -o kernel8-32.elf  -L/usr/local/opt/python@3.8/lib  -D__enable_exp_  kernel.o -L . -lrpi3b -lwpa_supplicant  -nostdlib -lm -lgcc  -D__enable_exp_
arm-none-eabi-objdump -D kernel8-32.elf > kernel8-32.list
arm-none-eabi-nm  kernel8-32.elf  > kernel8-32.map
echo "  OBJCOPY    kernel8-32.img"
arm-none-eabi-objcopy kernel8-32.elf -O binary kernel8-32.img
make[1]: Leaving directory '/Users/prakashborkar/development/projects/rpi-3b-wifi/src'
make: Leaving directory '/Users/prakashborkar/development/projects/rpi-3b-wifi'
 
